Build started 1/19/2016 6:11:47 PM.
     1>Project "c:\Users\fpang\documents\visual studio 2013\Projects\Test\Test\Test.vcxproj" on node 2 (Build target(s)).
     1>ClCompile:
         C:\Program Files (x86)\Microsoft Visual Studio 12.0\VC\bin\CL.exe /c /ZI /nologo /W3 /WX- /sdl /Od /Oy- /D WIN32 /D _DEBUG /D _CONSOLE /D _LIB /D _UNICODE /D UNICODE /Gm /EHsc /RTC1 /MDd /GS /fp:precise /Zc:wchar_t /Zc:forScope /Fo"Debug\\" /Fd"Debug\vc120.pdb" /Gd /TP /analyze- /errorReport:prompt Source.cpp
         Source.cpp
     1>c:\users\fpang\documents\visual studio 2013\projects\test\test\source.cpp(20): error C4716: 'Ball::ballThrow' : must return a value
     1>Done Building Project "c:\Users\fpang\documents\visual studio 2013\Projects\Test\Test\Test.vcxproj" (Build target(s)) -- FAILED.

Build FAILED.

Time Elapsed 00:00:01.64
